>>>verdiVcstResizeTopWin
<<< Success : 
>>>verdiDockWidgetSetCurTab -dock windowDock_vcstConsole_2
<<< Success : 1
>>>::vcst::creatInstAction
<<< Success : 
>>>::vcst::createAnalyzerAction
<<< Success : 
>>>::vcst::creatResetLayoutAction
<<< Success : 
>>>::vcst::creatAssertAnalyzerAction
<<< Success : 
>>>set ::vcst::EnableUDWin 0
<<< Success : 0
>>>qwConfig -type nWave -cmds [list {qwAddToolBarGroup -group "UDWinGroup"} {qwAddToolBarGroup -group "AssertAnalyzer"}]
<<< Success : 
>>>srcSetOptions -lockActView on
<<< Success : 1
>>>source /usr/synopsys/vc_static/S-2021.09-SP1/auxx/monet/tcl/menu.tcl

<<< Success : 1
>>>set ::vcst::_compositeTrace {1}
<<< Success : 1
>>>verdiVcstSyncMsgColor -errorColor "default_red" -warningColor "default_none" -infoColor "default_none"
<<< Success : 
>>>verdiSetRCValue -section appSetting -key font -value {Bitstream Vera Sans(11)};
<<< Success : 
>>>verdiSetPrefEnv -monoFontSize "11"
<<< Success : 1
>>>setStyleFvProgress -css {font-family:Bitstream Vera Sans monospace;font-size:11px}
<<< Success : 0
>>>setStyleFvGoalProgress -css {font-family:Bitstream Vera Sans monospace;font-size:11px}
<<< Success : 1
>>>verdiSetFont -font "Bitstream Vera Sans" -size "11"
<<< Success : 1
>>>verdiVcstOnPropSelectionChanged -strNum 0 -propList {}
<<< Success : 
>>>verdiVcstSetAppmode -mode AEP -fromVcst
<<< Success : 
>>>verdiVcstCheckFv -active -taskName AEP
<<< Success : 
>>>verdiVcstOnPropSelectionChanged -strNum 0 -propList {}
<<< Success : 
>>>verdiVcstDesignLoaded
<<< Success : 
>>>set ::vcst::_fml_max_proof_depth {-1};set ::vcst::_fml_max_time {12H};catch {verdiVcstOnFmlVarChanged -key {fml_effort} -value {default}}
<<< Success : 0
>>>verdiDockWidgetSetCurTab -dock widgetDock_VCF:GoalList
<<< Success : 1
>>>@@@Event: swnTraceWindowType(-win "nTrace")
>>>@@@Event: swnTraceWindowType(-win "nTrace")
>>>@@@Event: verdiActiveWindowChange(-win 18e00be0)
>>>verdiAboutDlg -banner {
VC Static

Version S-2021.09-SP1 for linux64 - Nov 26, 2021

Copyright (c) 2010 - 2021 Synopsys, Inc.
}
<<< Success : 1
>>>verdiSetStatusMsg -win Verdi_1 -color red { Design import... cross probing not ready }
<<< Success : 1
>>>set ::vcst::_top "aep_top"
set ::vcst::_elab ""
set ::vcst::_elabOpts {}
set ::vcst::_rtdbDir {/home/sv11108/HW6/aep_lab/vcst_rtdb}
set ::vcst::_hiddenDir {.internal}
set ::vcst::_masterMode true
set ::vcst::_workLib "work"
set ::vcst::_upfOpts " -upf "
set ::vcst::_enableKdb "true"
set ::vcst::_simBinPath "aep_top.exe"
set ::vcst::_goldenUpfConfig {}
set ::vcst::_nldmNschema {false}
set ::vcst::_kdbAlias {false}
set ::vcst::_covDut {}
set ::vcst::_splitbus {false}
set ::vcst::_enableVerdiLog {1}
set ::vcst::_fml_max_proof_depth {-1}
set ::vcst::_smartLoad {true}
set ::vcst::_compositeTrace {1}
set ::vcst::_strategyFilePath {}
set ::vcst::_enableVnrWriteKdb {false}
set ::vcst::_bIsFormalFlow {true}
set ::vcst::_diucFlow {false}
set ::vcst::_libArgs ""
set ::vcst::_seqXmlFile ""
schSetVCSTDelimiter -VHDLGenDelim "."
schSetPreference -turboLibs {} -turboLibPaths {}
verdiSetPrefEnv -bSpecifyWindowTitleForDockContainer off
paSetPreference -brightenPowerColor on
schSetPreference -showPassThroughNet on
paSetPreference -AnnotateSignal off
paSetPreference -highlightPowerObject off
srcAssertSetOpt -addSigToWave 0 -addSigWithExpGrp 1 -maskWave 0 -ShowCycleInfo 1
verdiRunVcst -on
schSetVCSTDelimiter -hierDelim .
set ::vcst::_vcstAppHierDelim "."
srcSetXpropOption "tmerge"
set ::vcst::_powerDbDir ""
set ::vcst::_bRestore ""
verdiDockWidgetFix -dock widgetDock_VCF:GoalList
::vcst::loadMainWin "0"
verdiDockWidgetUnfix -dock widgetDock_VCF:GoalList

setStyleFvProgress -css {font-family:Bitstream Vera Sans monospace;font-size:11px}
setStyleFvGoalProgress -css {font-family:Bitstream Vera Sans monospace;font-size:11px}
verdiSetFont -font "Bitstream Vera Sans" -size "11"
verdiSetPrefEnv -monoFontSize "11"
verdiVcstEnableAppMode -enable FRV

verdiRunVcstCmd "action aaVerdiWaitAnnotation -trigger
" -no_wait
verdiRunVcstCmd "action aaMonetSetReuseWave -data \{[verdiGetRCValue -section appSetting -key reuseWave]\}
" -no_wait
>>>@@@Event: swnTraceWindowType(-win "nTrace")
>>>@@@Event: srcImportDesign(aep_top)
>>>verdiSetStatusMsg -win Verdi_1 -color black { Design import ready }
<<< Success : 1
>>>@@@Event: srcChangeScope(aep_top)
>>>@@@Event: srcHBTreeSelect({ 1 {aep_top}})
>>>@@@Event: srcHBTreeSelect({ 1 {aep_top}})
>>>@@@Event: srcGetSnipSignal(srcGetSnipSignal)
>>>@@@Event: srcGetBlackbox(srcGetBlackbox)
>>>@@@Event: verdiRunVcstCmd(action aaVerdiWaitAnnotation -trigger
 -no_wait)
>>>verdiGetVcstCmdResult -xmlstr {<Command name="action" received="1"></Command>}

<<< Success : 1
>>>verdiGetVcstCmdResult -xmlstr {<Command name="action" status="1"></Command>}

<<< Success : 1
>>>@@@Event: verdiRunVcstCmd(action aaMonetSetReuseWave -data {}
 -no_wait)
>>>verdiGetVcstCmdResult -xmlstr {<Command name="action" received="1"></Command>}

<<< Success : 1
>>>verdiGetVcstCmdResult -xmlstr {<Command name="action" status="1"></Command>}

<<< Success : 1
<<< Success : 1
>>>srcSetPreference -tabNum 16
<<< Success : 1
>>>verdiSetPrefEnv -bDockNewWindowInContainerWhenFindSameType "off"
<<< Success : 1
>>>set ::vcst::_bRestore ""
<<< Success : 
>>>verdiLayoutFreeze -off
<<< Success : 1
>>>verdiToolBar -rm toolbarHB_TOGGLE_PANEL toolbarHB_EMULATION_PANEL toolbarHB_PRODTYPE_PANEL UVM_AWARE_DEBUG AMS_CONFIG_TOOLBAR NOVAS_TBBR_INTERACTIVEVIEW_PANEL NOVAS_TBBR_DEBUG_REWIND_COMMAND NOVAS_TBBR_DEBUG_REWIND_UNDO_REDO_COMMAND NOVAS_TBBR_DEBUG_REVERSE_COMMAND NOVAS_TBBR_DEBUG_VSIM_COMMAND NOVAS_EMULATION_DEBUG_COMMAND CVG_CER_PANEL
<<< Success : 1
>>>qComplexitySyncScope {aep_top}
<<< Success : 1
>>>qComplexitySyncScope {aep_top}
<<< Success : 1
>>>verdiVcstSetSviPid -pid 1554
<<< Success : 
>>>verdiSetRCValue -section appSetting -key verdiFirstMode -value 1
<<< Success : 
>>>verdiSetRCValue -section appSetting -key vcstVersion -value S-2021.09-SP1
<<< Success : 
>>>verdiVcstDesignLoaded
<<< Success : 
>>>verdiGetVcstCmdResult -xmlstr {<Command name="sim_run" status="1" />}
<<< Success : 1
>>>verdiGetVcstCmdResult -xmlstr {<Command name="sim_save_reset" status="1" />}
<<< Success : 1
>>>report_fv_complexity -silent -sim_save_reset
<<< Success : 1
>>>verdiLayoutFreeze -off
<<< Success : 1
>>>::vcst::showDebugViews -1 false false setupSource
<<< Success : 1
>>>verdiWindowMoveDockTab -win Verdi_1 widgetDock_VCF:Shell widgetDock_VCF:GoalList widgetDock_<Message>
verdiDockWidgetSetCurTab -dock widgetDock_VCF:GoalList

<<< Success : 1
>>>verdiDockWidgetSetCurTab -dock widgetDock_VCF:TaskList
<<< Success : 1
>>>verdiVcstSetAppmode -mode AEP -fromVcst
<<< Success : 
>>>verdiSetRCValue -section appSetting -key glbfilter -value {111}
<<< Success : 
>>>verdiSetRCValue -section appSetting -key glbfilter -value {111}
<<< Success : 
>>>verdiSetRCValue -section appSetting -key glbfilter -value {111}
<<< Success : 
>>>srcSetSnipSignal -reset
<<< Success : 1
>>>report_fv_complexity -silent
<<< Success : 1
>>>vcstPropertyDensityShow -silent abstraction
<<< Success : 0
>>>srcSetSnipSignal -file {/home/sv11108/HW6/aep_lab/vcst_rtdb/.internal/verdi/snip_signals.list}
<<< Success : 0
>>>report_fv_complexity -silent
<<< Success : 1
>>>vcstPropertyDensityShow -silent abstraction
<<< Success : 0
>>>srcSetBlackbox   -delim {.}
<<< Success : 0
>>>srcSetGlassbox  -delim {.}
<<< Success : 0
>>>srcSetSnipSignal -reset
<<< Success : 1
>>>report_fv_complexity -silent
<<< Success : 1
>>>vcstPropertyDensityShow -silent abstraction
<<< Success : 0
>>>srcSetSnipSignal -file {/home/sv11108/HW6/aep_lab/vcst_rtdb/.internal/verdi/snip_signals.list}
<<< Success : 0
>>>report_fv_complexity -silent
<<< Success : 1
>>>vcstPropertyDensityShow -silent abstraction
<<< Success : 0
>>>verdiSetRCValue -section appSetting -key conSize -value {PROPERTY_CLASS,100:PROPERTY_CLOCK,100:PROPERTY_EXPRESSION,100:PROPERTY_ID,100:PROPERTY_INSTANCE,100:PROPERTY_LANGUAGE,100:PROPERTY_LOCATION,100:PROPERTY_NAME,100:PROPERTY_SCOPE,100:PROPERTY_SIGNALS,100:PROPERTY_SVA_TYPE,100:PROPERTY_TYPE,100:PROPERTY_USAGE,100:PROPERTY_VACUITY,100:PROPERTY_WITNESS,100:};
<<< Success : 
>>>verdiSetRCValue -section appSetting -key glbfilter -value {111}
<<< Success : 
>>>verdiVcstConstantReport -xmlFile /home/sv11108/HW6/aep_lab/vcst_rtdb/.internal/verdi/constant.xml 
<<< Success : 1
>>>schSetPreference -displayAbstractSrc on 
<<< Success : 1
>>>@@@Event: swnTraceWindowType(-win "nTrace")
>>>@@@Event: swnTraceWindowType(-win "nTrace")
>>>@@@Event: verdiActiveWindowChange(-win 17492d30)
>>>verdiVcstCheckFv -taskName AEP
>>>@@@Event: vcstReportFvProgress(gridUsage.xml gridUsage null)
<<< Success : 1
>>>vcstRunCovCmd -async gui_vcst_set_parameters -is_running true
<<< Success : 0
>>>receiveFvProgress /home/sv11108/HW6/aep_lab/vcst_rtdb/.internal/verdi/gridUsage.xml0
<<< Success : 1
>>>verdiSetRCValue -section appSetting -key glbfilter -value {111}
<<< Success : 
>>>verdiGetVcstCmdResult -xmlstr {<Command name="check_fv" status="1" />}
<<< Success : 1
>>>@@@Event: swnTraceWindowType(-win "nTrace")
>>>verdiVcstCheckFv -taskName AEP
<<< Success : 
>>>vcstRunCovCmd -async gui_vcst_set_parameters -is_running false
<<< Success : 0
>>>@@@Event: swnTraceWindowType(-win "nTrace")
>>>@@@Event: swnTraceWindowType(-win "nTrace")
>>>verdiVcstOnPropSelectionChanged -strNum 1 -propList {aep_top.aep_bounds.bounds_check_0}
<<< Success : 1
>>>@@@Event: swnTraceWindowType(-win "nTrace")
>>>verdiSetStatusMsg -win $_Verdi_1 -2nd "Preparing FSDB..."
<<< Success : 1
>>>verdiGetVcstCmdResult -xmlstr {<Command name="view_trace" status="1" />}
<<< Success : 1
>>>verdiSetStatusMsg -win $_Verdi_1 -2nd "FSDB is ready, Waveform loading..."
<<< Success : 1
>>>sysWarnEnable -disable; set ::vcst::sysWarnEnable 0
<<< Success : 0
>>>verdiLayoutFreeze -off
<<< Success : 1
>>>set ::vcst::_curWaveVw [wvCreateWindow]
>>>@@@Event: wvCreateWindow(1c8f2d80)
>>>@@@Event: verdiActiveWindowChange(-win 1c8f2d80)
>>>@@@Event: swnTraceWindowType(-win "nTrace")
<<< Success : 1c8f2d80
>>>srcSetPreference -annotate on
<<< Success : 1
>>>verdiToolBar -win $_Verdi_1 -toolbar toolBarFormalVerification -moveToBf HB_BA_COMMAND_PANEL
<<< Success : 1
>>>set ::vcst::_fsdb $::vcst::_rtdbDir/.internal/formal/fpId0/trace_0.xml.replay.fsdb.vf;
<<< Success : /home/sv11108/HW6/aep_lab/vcst_rtdb/.internal/formal/fpId0/trace_0.xml.replay.fsdb.vf
>>>expPropVcstDataUpdated -initFSDB $::vcst::_fsdb;
<<< Success : 1
>>>::vcst::wvOpenFsdb $::vcst::_curWaveVw $::vcst::_fsdb
>>>@@@Event: debSimResultOpen(/home/sv11108/HW6/aep_lab/vcst_rtdb/.internal/formal/fpId0/trace_0.xml.replay.fsdb.vf)
>>>@@@Event: wvViewRangeChanged(0.000000 151.500000)
>>>@@@Event: debCursorTimeChange(0)
>>>@@@Event: wvOpenFSDBFile(/home/sv11108/HW6/aep_lab/vcst_rtdb/.internal/formal/fpId0/trace_0.xml.replay.fsdb.vf)
<<< Success : 
>>>verdiVcstFsdbAppMode -fsdb $::vcst::_fsdb -AppMode AEP
<<< Success : 
>>>set ::vcst::_propClass {aep}
set ::vcst::_propLoc {rtl/aep_bounds.v:12}
set ::vcst::_propType {bounds_check}
set ::vcst::_propExpr {memA[sigB]}
set ::vcst::_sva {aep_top.aep_bounds.bounds_check_0}
verdiDockWidgetHide -dock widgetDock_Analyzer
::vcst::updatePropertyMap

<<< Success : 1
>>>set ::vcst::traceTypeMap($::vcst::actualFsdb) property

<<< Success : property
>>>wvAddGroup -win $::vcst::_curWaveVw {AEP-Property};wvAddSignal -fromVCST -delim "." -win $::vcst::_curWaveVw -group { "AEP-Property" {aep_top.aep_bounds.bounds_check_0} };
>>>@@@Event: wvAddSignal(/ 1 {/aep_top/aep_bounds/bounds_check_0})
>>>@@@Event: wvAddSignalByIdCode(-idcode 1 {1})
<<< Success : 1
>>>wvAddGroup -win $::vcst::_curWaveVw {Support-Signals};wvAddSignal -fromVCST -delim "." -win $::vcst::_curWaveVw -group { "Support-Signals" {aep_top.aep_bounds.sigB} {aep_top.clk} };
>>>@@@Event: wvAddSignal(/ 2 {/aep_top/aep_bounds/sigB[2:0]} {/aep_top/clk})
>>>@@@Event: wvAddSignalByIdCode(-idcode 2 {45 9})
<<< Success : 1
>>>wvAddGroup -win $::vcst::_curWaveVw {Constant-Inputs};wvAddSignal -fromVCST -delim "." -win $::vcst::_curWaveVw -group { "Constant-Inputs" {aep_top.din} };wvCollapseGroup -win $::vcst::_curWaveVw {Constant-Inputs};
>>>@@@Event: wvAddSignal(/ 1 {/aep_top/din[1:0]})
>>>@@@Event: wvAddSignalByIdCode(-idcode 1 {3})
<<< Success : 1
>>>wvGoToGroup -win $::vcst::_curWaveVw AEP-Property
<<< Success : 1
>>>wvSetPosition -win $::vcst::_curWaveVw {("Support-Signals" last)}
<<< Success : 1
>>>::vcst::addResetMarker 1000
>>>@@@Event: wvAddMarker("Rst-End" 1000.000000)
>>>@@@Event: wvViewRangeChanged(924.250000 1075.750000)
>>>@@@Event: wvViewRangeChanged(0.000000 76.106328)
<<< Success : 1
>>>::vcst::showDebugViews -100 true true
<<< Success : 1
>>>srcShowDefine -incrSearch {aep_top.aep_bounds.bounds_check_0}; 
<<< Success : 0
>>>wvZoomAll -win $::vcst::_curWaveVw
>>>@@@Event: wvViewRangeChanged(0.000000 1515.000000)
<<< Success : 1
>>>verdiSetStatusMsg -win $_Verdi_1 -2nd "Trace is loaded"
<<< Success : 1
>>>sysWarnEnable -enable; set ::vcst::sysWarnEnable 1
<<< Success : 1
>>>@@@Event: swnTraceWindowType(-win "nTrace")
>>>@@@Event: swnTraceWindowType(-win "nTrace")
>>>@@@Event: swnTraceWindowType(-win "nTrace")
>>>verdiVcstOnPropSelectionChanged -strNum 1 -propList {aep_top.aep_parallel.parallel_case_0}
<<< Success : 1
>>>@@@Event: verdiActiveWindowChange(-win 17492d30)
>>>@@@Event: swnTraceWindowType(-win "nTrace")
>>>verdiSetStatusMsg -win $_Verdi_1 -2nd "Preparing FSDB..."
<<< Success : 1
>>>verdiGetVcstCmdResult -xmlstr {<Command name="view_trace" status="1" />}
<<< Success : 1
>>>verdiSetStatusMsg -win $_Verdi_1 -2nd "FSDB is ready, Waveform loading..."
<<< Success : 1
>>>sysWarnEnable -disable; set ::vcst::sysWarnEnable 0
<<< Success : 0
>>>wvGetAllWindows
<<< Success : 1c8f2d80
>>>expPropGetAttr -is_nav_wave 1c8f2d80
<<< Success : 0
>>>set ::vcst::_fsdb $::vcst::_rtdbDir/.internal/formal/fpId0/trace_7.xml.replay.fsdb.vf;
<<< Success : /home/sv11108/HW6/aep_lab/vcst_rtdb/.internal/formal/fpId0/trace_7.xml.replay.fsdb.vf
>>>expPropVcstDataUpdated -initFSDB $::vcst::_fsdb;
<<< Success : 1
>>>wvCloseFile -win $::vcst::_curWaveVw
>>>@@@Event: wvCloseFSDBFile(/home/sv11108/HW6/aep_lab/vcst_rtdb/.internal/formal/fpId0/trace_0.xml.replay.fsdb.vf)
>>>@@@Event: debSimResultClose()
<<< Success : 1
>>>::vcst::wvOpenFsdb $::vcst::_curWaveVw $::vcst::_fsdb
>>>@@@Event: debSimResultOpen(/home/sv11108/HW6/aep_lab/vcst_rtdb/.internal/formal/fpId0/trace_7.xml.replay.fsdb.vf)
>>>@@@Event: wvViewRangeChanged(0.000000 252.500000)
>>>@@@Event: debCursorTimeChange(0)
>>>@@@Event: wvOpenFSDBFile(/home/sv11108/HW6/aep_lab/vcst_rtdb/.internal/formal/fpId0/trace_7.xml.replay.fsdb.vf)
<<< Success : 
>>>verdiVcstFsdbAppMode -fsdb $::vcst::_fsdb -AppMode AEP
<<< Success : 
>>>set ::vcst::_propClass {aep}
set ::vcst::_propLoc {rtl/aep_parallel.v:9}
set ::vcst::_propType {parallel_case}
set ::vcst::_propExpr {din}
set ::vcst::_sva {aep_top.aep_parallel.parallel_case_0}
verdiDockWidgetHide -dock widgetDock_Analyzer
::vcst::updatePropertyMap

<<< Success : 1
>>>set ::vcst::traceTypeMap($::vcst::actualFsdb) property

<<< Success : property
>>>wvAddGroup -win $::vcst::_curWaveVw {AEP-Property};wvAddSignal -fromVCST -delim "." -win $::vcst::_curWaveVw -group { "AEP-Property" {aep_top.aep_parallel.parallel_case_0} };
>>>@@@Event: wvAddSignal(/ 1 {/aep_top/aep_parallel/parallel_case_0})
>>>@@@Event: wvAddSignalByIdCode(-idcode 1 {1})
<<< Success : 1
>>>wvAddGroup -win $::vcst::_curWaveVw {Support-Signals};wvAddSignal -fromVCST -delim "." -win $::vcst::_curWaveVw -group { "Support-Signals" {aep_top.aep_parallel.din} {aep_top.clk} };
>>>@@@Event: wvAddSignal(/ 2 {/aep_top/aep_parallel/din[1:0]} {/aep_top/clk})
>>>@@@Event: wvAddSignalByIdCode(-idcode 2 {52 9})
<<< Success : 1
>>>wvAddGroup -win $::vcst::_curWaveVw {Most-Toggled-Registers};wvAddSignal -fromVCST -delim "." -win $::vcst::_curWaveVw -group { "Most-Toggled-Registers" {aep_top.din_d} };wvCollapseGroup -win $::vcst::_curWaveVw {Most-Toggled-Registers};
>>>@@@Event: wvAddSignal(/ 1 {/aep_top/din_d[1:0]})
>>>@@@Event: wvAddSignalByIdCode(-idcode 1 {10})
<<< Success : 1
>>>wvAddGroup -win $::vcst::_curWaveVw {Constant-Inputs};wvAddSignal -fromVCST -delim "." -win $::vcst::_curWaveVw -group { "Constant-Inputs" {aep_top.din} {aep_top.rst} };wvCollapseGroup -win $::vcst::_curWaveVw {Constant-Inputs};
>>>@@@Event: wvAddSignal(/ 2 {/aep_top/din[1:0]} {/aep_top/rst})
>>>@@@Event: wvAddSignalByIdCode(-idcode 2 {3 20})
<<< Success : 1
>>>wvGoToGroup -win $::vcst::_curWaveVw AEP-Property
<<< Success : 1
>>>wvSetPosition -win $::vcst::_curWaveVw {("Support-Signals" last)}
<<< Success : 1
>>>::vcst::addResetMarker 1000
>>>@@@Event: wvViewRangeChanged(0.000000 2500.000000)
>>>@@@Event: wvViewRangeChanged(0.000000 1510.101010)
<<< Success : 1
>>>::vcst::showDebugViews -100 true true
<<< Success : 1
>>>srcShowDefine -incrSearch {aep_top.aep_parallel.parallel_case_0}; 
<<< Success : 0
>>>wvZoomAll -win $::vcst::_curWaveVw
>>>@@@Event: wvViewRangeChanged(0.000000 2525.000000)
<<< Success : 1
>>>verdiSetStatusMsg -win $_Verdi_1 -2nd "Trace is loaded"
<<< Success : 1
>>>sysWarnEnable -enable; set ::vcst::sysWarnEnable 1
<<< Success : 1
