version: (200506)

available memory: 64M bytes
used memory: 73728 bytes [need 72K bytes if disable swap]

used block: 2 [memory(2) file(0)]
                 [ 8K(1) 64K(1) { total 72K bytes } ]
overhead: (9538) bytes for (2) blocks [Average: (4769) bytes/block]

write  => 0(times) 0K(bytes) [0K bytes to file]
read   => 1(times) 7K(bytes) [1K bytes compressed data from file]
access => 28823(times) 226M(bytes)
          [hit ratio: 99.9965%]

time: write(0) read(0)  unit: second

swap file directory: (/home/sv11108/HW6/aep_lab/verdiLog)
used swap file number: (1)



swap file manager:
arrSize: (256)
idxCnt: (3)
closeHead: (1)
closeTail: (2)
openCnt: (2)
fid(2): fd(52) fileName(/home/sv11108/HW6/aep_lab/verdiLog/_swap_0001#336204282#31896)
	size(0) lastModTime(0) curModTime(1662667995)
	mode(w+b)	hot(0) cool(1) pos(0)
fid(1): fd(1073741824) fileName(/home/sv11108/HW6/aep_lab/vcst_rtdb/.internal/design/aep_top.exe.daidir/kdb.elab++/work.lib++/aep_top.v.tdc)
	size(2455) lastModTime(1662667984) curModTime(1662667984)
	mode(rb)	hot(2) cool(0) pos(0)
fid(0): fd(0) fileName(NULL)
	mode(NULL)	hot(0) cool(0) pos(0)
==================================================
mySelf(0x1a9a2800) pre(0x1a994120) next((nil))
version(200506)
date(Nov 22 2021 02:27:39)
