irun: 15.20-s038: (c) Copyright 1995-2017 Cadence Design Systems, Inc.
TOOL:	irun	15.20-s038: Started on Apr 24, 2020 at 11:56:17 BST
irun
	-Q
	-unbuffered
	-timescale 1ns/1ns
	-sysv
	-access +rw
	design.sv
	testbench.sv
	Top level design units:
		$unit_0x67f934e9
		top
ncelab: *W,DSEMEL: This SystemVerilog design will be simulated as per IEEE 1800-2009 SystemVerilog simulation semantics. Use -disable_sem2009 option for turning off SV 2009 simulation semantics.
    if( !trans.randomize() ) $fatal("Gen:: trans randomization failed");
                                                                     |
ncelab: *W,STRINT (./generator.sv,16|69): String literal argument supplied to integer parameter.
Loading snapshot worklib.top:sv .................... Done
SVSEED default: 1
ncsim: *W,DSEM2009: This SystemVerilog design is simulated as per IEEE 1800-2009 SystemVerilog simulation semantics. Use -disable_sem2009 option for turning off SV 2009 simulation semantics.
ncsim> source /incisiv/15.20/tools/inca/files/ncsimrc
ncsim> run
[ DRIVER ] ----- Reset Started -----
[ DRIVER ] ----- Reset Ended   -----
-------------------------
- [ Generator ] 
-------------------------
- a = 1, b = 1, c = 1
- sum = 0
- carry = 0
-------------------------
-------------------------
- [ Generator ] 
-------------------------
- a = 0, b = 0, c = 0
- sum = 0
- carry = 0
-------------------------
-------------------------
- [ Generator ] 
-------------------------
- a = 0, b = 0, c = 0
- sum = 0
- carry = 0
-------------------------
-------------------------
- [ Generator ] 
-------------------------
- a = 1, b = 1, c = 0
- sum = 0
- carry = 0
-------------------------
-------------------------
- [ Generator ] 
-------------------------
- a = 1, b = 0, c = 1
- sum = 0
- carry = 0
-------------------------
-------------------------
- [ Generator ] 
-------------------------
- a = 0, b = 0, c = 0
- sum = 0
- carry = 0
-------------------------
-------------------------
- [ Generator ] 
-------------------------
- a = 1, b = 1, c = 0
- sum = 0
- carry = 0
-------------------------
-------------------------
- [ Generator ] 
-------------------------
- a = 1, b = 0, c = 0
- sum = 0
- carry = 0
-------------------------
-------------------------
- [ Generator ] 
-------------------------
- a = 0, b = 1, c = 1
- sum = 0
- carry = 0
-------------------------
-------------------------
- [ Generator ] 
-------------------------
- a = 0, b = 0, c = 0
- sum = 0
- carry = 0
-------------------------
-------------------------
- [ Driver ] 
-------------------------
- a = 1, b = 1, c = 1
- sum = 1
- carry = 1
-------------------------
-------------------------
- [ Driver ] 
-------------------------
- a = 0, b = 0, c = 0
- sum = 0
- carry = 0
-------------------------
-------------------------
- [ Driver ] 
-------------------------
- a = 0, b = 0, c = 0
- sum = 0
- carry = 0
-------------------------
-------------------------
- [ Driver ] 
-------------------------
- a = 1, b = 1, c = 0
- sum = 0
- carry = 1
-------------------------
-------------------------
- [ Driver ] 
-------------------------
- a = 1, b = 0, c = 1
- sum = 0
- carry = 1
-------------------------
-------------------------
- [ Driver ] 
-------------------------
- a = 0, b = 0, c = 0
- sum = 0
- carry = 0
-------------------------
-------------------------
- [ Driver ] 
-------------------------
- a = 1, b = 1, c = 0
- sum = 0
- carry = 1
-------------------------
-------------------------
- [ Driver ] 
-------------------------
- a = 1, b = 0, c = 0
- sum = 1
- carry = 0
-------------------------
-------------------------
- [ Driver ] 
-------------------------
- a = 0, b = 1, c = 1
- sum = 0
- carry = 1
-------------------------
-------------------------
- [ Driver ] 
-------------------------
- a = 0, b = 0, c = 0
- sum = 0
- carry = 0
-------------------------
Simulation complete via $finish(1) at time 305 NS + 3
./env.sv:51     $finish;
ncsim> exit
TOOL:	irun	15.20-s038: Exiting on Apr 24, 2020 at 11:56:18 BST  (total: 00:00:01)
