<_ma_/>

<_ma_/>

<_ma_/>

<_ma_/>

<_ma_/>

<_ma_/>

<_ma_/>

<_ma_/>

<_ma_/>

<_ma_/>

<_ma_/>

<_ma_/>

<_ma_/>

<_ma_/>

<_ma_/>

<_ma_/>

<_ma_/>

<_ma_/>

<_ma_/>

<_ma_/>

<_ma_/>

<_ma_/>

<_ma_/>

<_ma_/>

<_ma_/>

<_ma_/>

<_ma_/>

<_ma_/>

<_ma_/>

<_ma_/>

<_ma_/>

<_ma_/>

<_ma_/>

<_ma_/>

<_ma_/>

<_ma_/>

<_ma_/>

<_ma_/>

<_ma_/>

<_ma_/>

<_ma_/>

<_ma_/>

<_ma_/>

<_ma_/>

<_ma_/>

<_ma_/>

<_ma_/>

<_ma_/>

<_ma_/>



<_ma_/>



<_ma_/>

<_ma_/>

<_ma_/>

<_ma_/>

<_ma_/>



<_ma_/>



<_ma_/>



<_ma_/>



<_ma_/>



<_ma_/>

<_ma_/>

<_ma_/>

<_ma_/>

<_ma_/>

<_ma_/>

<_ma_/>

<_ma_/>

<_ma_/>

<_ma_/>

<_ma_/>

<_ma_/>

<_ma_/>

<_ma_/>

<_ma_/>

<_ma_/>

<_ma_/>

<_ma_/>

<_ma_/>

<_ma_/>

<_ma_/>

<_ma_/>

<_ma_/>

<_ma_/>

<_ma_/>

<_ma_/>

<_ma_/>

<_ma_/>

<_ma_/>

<_ma_/>

<_ma_/>

<_ma_/>

<_ma_/>

<_ma_/>

<_ma_/>

<_ma_/>

<_ma_/>

<_ma_/>

<_ma_/>

<_ma_/>

<_ma_/>

<_ma_/>

<_ma_/>

<_ma_/>

<_ma_/>

<_ma_/>

<_ma_/>

<_ma_/>

<_ma_/>

<_ma_/>

<_ma_/>

<_ma_/>

<_ma_/>

<_ma_/>

<_ma_/>



<_ma_/>



<_mp_/>

<_mp_/>

<_ma_>check_fv[0][00:00:00]</_ma_>

[Warning] DB_COPT056: No design(s) found.

	Please load design and try again.

[31m[Error] DESIGN_E_NOT_LOADED: Design not loaded, 'check_fv' command is aborted.

	Please load the design first using read_file or elaborate commands and rerun.[0m

<_ma_/>

[31mError: 0

	Use error_info for more info. (CMD-013)[0m

<_mp_/>

=======================================================

Total Time(S)  :19.97

CPU Time(S)    :1.32

Peak Memory(MB):1166

=======================================================

