04:58:42 : Disable event(s) list: aaMonetBanffGetPropSummaryResults aaMonetEvReportDbUpdated aaMonetBanffGetPropSummary aaVerdiSendCmdDone aaMonetEvReportCompressFinished aaMonetBanffGetPropResults aaMonetCmdHelp aaMonetEvReportDbUpdating aaMonetEvFormalCoreInvalidated aaMonetEvReportWaiverStarted aaMonetEvReportCompressStarted aaMonetEvErrorMsg aaMonetEvReportWaiverFinished
04:58:43 : Monet(R):UNodeAction -name aaMonetEvSourceCmdActive -data 1 -trigger

04:58:44 : Monet(R):UNodeAction -name aaMonetEvSourceCmdActive -data 0 -trigger

04:58:44 : Monet(R):UNodeAction -name aaMonetEvSourceCmdActive -data 1 -trigger

04:58:44 : Monet(R):UNodeAction -name aaMonetEvSourceCmdActive -data 0 -trigger

04:58:44 : Monet(R):UNodeAction -name aaMonetEvSourceCmdActive -data 1 -trigger

04:58:44 : Monet(R):UNodeAction -name aaMonetEvSourceCmdActive -data 0 -trigger

04:58:44 : Monet(R):UNodeAction -name aaMonetEvSourceCmdActive -data 1 -trigger

04:58:44 : Monet(R):UNodeAction -name aaMonetEvSourceCmdActive -data 0 -trigger

04:58:44 : Monet(R):UNodeAction -name aaMonetEvSourceCmdActive -data 1 -trigger

04:58:44 : Monet(R):UNodeAction -name aaMonetEvSourceCmdActive -data 0 -trigger

04:58:44 : Monet(R):UNodeAction -name aaMonetEvSourceCmdActive -data 1 -trigger

04:58:44 : Monet(R):UNodeAction -name aaMonetEvSourceCmdActive -data 0 -trigger

04:58:44 : Monet(R):UNodeAction -name aaMonetEvSourceCmdActive -data 1 -trigger

04:58:44 : Monet(R):UNodeAction -name aaMonetEvSourceCmdActive -data 0 -trigger

04:58:44 : Monet(R):UNodeAction -name aaMonetEvSourceCmdActive -data 1 -trigger

04:58:44 : Monet(R):UNodeAction -name aaMonetEvSourceCmdActive -data 0 -trigger

04:58:44 : Monet(R):UNodeAction -name aaMonetEvSourceCmdActive -data 1 -trigger

04:58:44 : Monet(R):UNodeAction -name aaMonetEvSourceCmdActive -data 0 -trigger

04:58:44 : Monet(R):UNodeAction -name aaMonetEvGvarState -data {hierarchy_delimiter=.}

04:58:44 : Monet(R):UNodeAction -name aaMonetEvGvarState -data {share_libcells=false}

04:58:44 : Monet(R):UNodeAction -name aaMonetEvGvarState -data {keep_source_loc_expr=true}

04:58:44 : Monet(R):UNodeAction -name aaMonetEvGvarState -data {fml_mode_on=true}

04:58:44 : Monet(S):aaMonetGetCmdHelp
04:58:44 : Monet(R):UNodeAction -name aaMonetEvGvarState -data {async_command_max_parallel_count=8}

04:58:44 : Monet(R):UNodeAction -name aaMonetEvGvarState -data {auto_correct_waiver_name=false}

04:58:44 : Monet(R):UNodeAction -name aaMonetEvGvarState -data {cdc_vector_merged_bits_simplify_level=3}

04:58:44 : Monet(R):UNodeAction -name aaMonetEvGvarState -data {default_waiver_file=}

04:58:44 : Monet(R):UNodeAction -name aaMonetEvGvarState -data {disable_abstract_nschema_linking=false}

04:58:44 : Monet(R):UNodeAction -name aaMonetEvGvarState -data {disable_waiver_command_prints=false}

04:58:44 : Monet(R):UNodeAction -name aaMonetEvGvarState -data {dpv_regression_mode=false}

04:58:44 : Monet(R):UNodeAction -name aaMonetEvGvarState -data {dump_signature_in_violation=false}

04:58:44 : Monet(R):UNodeAction -name aaMonetEvGvarState -data {enable_all_fields_to_create_filter=true}

04:58:44 : Monet(R):UNodeAction -name aaMonetEvGvarState -data {enable_cdc=false}

04:58:44 : Monet(R):UNodeAction -name aaMonetEvGvarState -data {enable_compressed_group=true}

04:58:44 : Monet(R):UNodeAction -name aaMonetEvGvarState -data {enable_dc_naming_style=false}

04:58:44 : Monet(R):UNodeAction -name aaMonetEvGvarState -data {enable_nextgen_cdc=false}

04:58:44 : Monet(R):UNodeAction -name aaMonetEvGvarState -data {enable_nldm_nschema=true}

04:58:44 : Monet(R):UNodeAction -name aaMonetEvGvarState -data {enable_nldm_nschema_thread=true}

04:58:44 : Monet(R):UNodeAction -name aaMonetEvGvarState -data {enable_nschema_container=true}

04:58:44 : Monet(R):UNodeAction -name aaMonetEvGvarState -data {enable_plato_db_population=true}

04:58:44 : Monet(R):UNodeAction -name aaMonetEvGvarState -data {enable_rdc_waveform_reset_order_graph=true}

04:58:44 : Monet(R):UNodeAction -name aaMonetEvGvarState -data {enable_sam_rtl_annotation=false}

04:58:44 : Monet(R):UNodeAction -name aaMonetEvGvarState -data {enable_signature_to_create_waiver=true}

04:58:44 : Monet(R):UNodeAction -name aaMonetEvGvarState -data {enable_verdi_background=true}

04:58:44 : Monet(R):UNodeAction -name aaMonetEvGvarState -data {enable_verdi_background_at_check=false}

04:58:44 : Monet(R):UNodeAction -name aaMonetEvGvarState -data {enable_verdi_debug=true}

04:58:44 : Monet(R):UNodeAction -name aaMonetEvGvarState -data {enable_verdi_kdb_smart_elab=false}

04:58:44 : Monet(R):UNodeAction -name aaMonetEvGvarState -data {enable_verdi_symbolic_schematic=false}

04:58:44 : Monet(R):UNodeAction -name aaMonetEvGvarState -data {field_delimiter=.}

04:58:44 : Monet(R):UNodeAction -name aaMonetEvGvarState -data {fml_cc_coverage_analyzer=false}

04:58:44 : Monet(R):UNodeAction -name aaMonetEvGvarState -data {fml_composite_trace=true}

04:58:44 : Monet(R):UNodeAction -name aaMonetEvGvarState -data {fml_cov_fast_mode=false}

04:58:44 : Monet(R):UNodeAction -name aaMonetEvGvarState -data {fml_cov_gen_trace=default}

04:58:44 : Monet(R):UNodeAction -name aaMonetEvGvarState -data {fml_cov_llk_trace_enable=unlimited}

04:58:44 : Monet(R):UNodeAction -name aaMonetEvGvarState -data {fml_mode_on=true}

04:58:44 : Monet(R):UNodeAction -name aaMonetEvGvarState -data {fml_vacuity_on=true}

04:58:44 : Monet(R):UNodeAction -name aaMonetEvGvarState -data {fml_vdac_disable=false}

04:58:44 : Monet(R):UNodeAction -name aaMonetEvGvarState -data {fml_witness_on=false}

04:58:44 : Monet(R):UNodeAction -name aaMonetEvGvarState -data {gui_load_filter_group_mode=true}

04:58:44 : Monet(R):UNodeAction -name aaMonetEvGvarState -data {hide_waive_this_item_link=false}

04:58:44 : Monet(R):UNodeAction -name aaMonetEvGvarState -data {hierarchy_delimiter=.}

04:58:44 : Monet(R):UNodeAction -name aaMonetEvGvarState -data {include_filter_field_comments=false}

04:58:44 : Monet(R):UNodeAction -name aaMonetEvGvarState -data {info_disp_elems=0}

04:58:44 : Monet(R):UNodeAction -name aaMonetEvGvarState -data {keep_source_loc_expr=true}

04:58:44 : Monet(R):UNodeAction -name aaMonetEvGvarState -data {lint_functional_mode=false}

04:58:44 : Monet(R):UNodeAction -name aaMonetEvGvarState -data {lint_load_goal_results=false}

04:58:44 : Monet(R):UNodeAction -name aaMonetEvGvarState -data {lint_spyglass_mode=false}

04:58:44 : Monet(R):UNodeAction -name aaMonetEvGvarState -data {scroll_table_speed=1}

04:58:44 : Monet(R):UNodeAction -name aaMonetEvGvarState -data {select_create_waiver_fields=signature}

04:58:44 : Monet(R):UNodeAction -name aaMonetEvGvarState -data {show_disabled_prop=true}

04:58:44 : Monet(R):UNodeAction -name aaMonetEvGvarState -data {struct_delimiter=.}

04:58:44 : Monet(R):UNodeAction -name aaMonetEvGvarState -data {verdi_postelab_to_check=false}

04:58:44 : Monet(R):UNodeAction -name aaMonetEvGvarState -data {verdi_table_font=}

04:58:44 : Monet(R):UNodeAction -name aaMonetEvGvarState -data {verdi_vc_console_hotkey=null}

04:58:45 : Monet(R):UNodeAction -name aaMonetEvCheckFvFinished -data 0 -trigger

04:59:02 : Monet(R):UNodeAction -name aaMonetEvStartShutdown  -trigger

