irun: 15.20-s038: (c) Copyright 1995-2017 Cadence Design Systems, Inc.
TOOL:	irun	15.20-s038: Started on Apr 24, 2020 at 12:01:55 BST
irun
	-Q
	-unbuffered
	-timescale 1ns/1ns
	-sysv
	-access +rw
	design.sv
	testbench.sv
	Top level design units:
		$unit_0x67f934e9
		top
ncelab: *W,DSEMEL: This SystemVerilog design will be simulated as per IEEE 1800-2009 SystemVerilog simulation semantics. Use -disable_sem2009 option for turning off SV 2009 simulation semantics.
    if( !trans.randomize() ) $fatal("Gen:: trans randomization failed");
                                                                     |
ncelab: *W,STRINT (./generator.sv,16|69): String literal argument supplied to integer parameter.
Loading snapshot worklib.top:sv .................... Done
SVSEED default: 1
ncsim: *W,DSEM2009: This SystemVerilog design is simulated as per IEEE 1800-2009 SystemVerilog simulation semantics. Use -disable_sem2009 option for turning off SV 2009 simulation semantics.
ncsim> source /incisiv/15.20/tools/inca/files/ncsimrc
ncsim> run
Driver reset started
Driver reset ended
-------------------------
- [ Generator ] 
-------------------------
- UpOrDown 0
- count = 0
-------------------------
-------------------------
- [ Generator ] 
-------------------------
- UpOrDown 1
- count = 0
-------------------------
-------------------------
- [ Generator ] 
-------------------------
- UpOrDown 1
- count = 0
-------------------------
-------------------------
- [ Generator ] 
-------------------------
- UpOrDown 0
- count = 0
-------------------------
-------------------------
- [ Generator ] 
-------------------------
- UpOrDown 0
- count = 0
-------------------------
-------------------------
- [ Generator ] 
-------------------------
- UpOrDown 0
- count = 0
-------------------------
-------------------------
- [ Generator ] 
-------------------------
- UpOrDown 1
- count = 0
-------------------------
-------------------------
- [ Generator ] 
-------------------------
- UpOrDown 0
- count = 0
-------------------------
-------------------------
- [ Generator ] 
-------------------------
- UpOrDown 1
- count = 0
-------------------------
-------------------------
- [ Generator ] 
-------------------------
- UpOrDown 1
- count = 0
-------------------------
-------------------------
- [ Generator ] 
-------------------------
- UpOrDown 0
- count = 0
-------------------------
-------------------------
- [ Generator ] 
-------------------------
- UpOrDown 0
- count = 0
-------------------------
-------------------------
- [ Generator ] 
-------------------------
- UpOrDown 0
- count = 0
-------------------------
-------------------------
- [ Generator ] 
-------------------------
- UpOrDown 0
- count = 0
-------------------------
-------------------------
- [ Generator ] 
-------------------------
- UpOrDown 0
- count = 0
-------------------------
-------------------------
- [ Generator ] 
-------------------------
- UpOrDown 0
- count = 0
-------------------------
-------------------------
- [ Generator ] 
-------------------------
- UpOrDown 0
- count = 0
-------------------------
-------------------------
- [ Generator ] 
-------------------------
- UpOrDown 0
- count = 0
-------------------------
-------------------------
- [ Generator ] 
-------------------------
- UpOrDown 1
- count = 0
-------------------------
-------------------------
- [ Generator ] 
-------------------------
- UpOrDown 1
- count = 0
-------------------------
-------------------------
- [ Generator ] 
-------------------------
- UpOrDown 1
- count = 0
-------------------------
-------------------------
- [ Generator ] 
-------------------------
- UpOrDown 0
- count = 0
-------------------------
-------------------------
- [ Generator ] 
-------------------------
- UpOrDown 1
- count = 0
-------------------------
-------------------------
- [ Generator ] 
-------------------------
- UpOrDown 1
- count = 0
-------------------------
-------------------------
- [ Generator ] 
-------------------------
- UpOrDown 1
- count = 0
-------------------------
-------------------------
- [ Generator ] 
-------------------------
- UpOrDown 0
- count = 0
-------------------------
-------------------------
- [ Generator ] 
-------------------------
- UpOrDown 0
- count = 0
-------------------------
-------------------------
- [ Generator ] 
-------------------------
- UpOrDown 1
- count = 0
-------------------------
-------------------------
- [ Generator ] 
-------------------------
- UpOrDown 0
- count = 0
-------------------------
-------------------------
- [ Generator ] 
-------------------------
- UpOrDown 1
- count = 0
-------------------------
-------------------------
- [ Generator ] 
-------------------------
- UpOrDown 1
- count = 0
-------------------------
-------------------------
- [ Generator ] 
-------------------------
- UpOrDown 0
- count = 0
-------------------------
-------------------------
- [ Generator ] 
-------------------------
- UpOrDown 0
- count = 0
-------------------------
-------------------------
- [ Generator ] 
-------------------------
- UpOrDown 0
- count = 0
-------------------------
-------------------------
- [ Generator ] 
-------------------------
- UpOrDown 0
- count = 0
-------------------------
-------------------------
- [ Generator ] 
-------------------------
- UpOrDown 1
- count = 0
-------------------------
-------------------------
- [ Generator ] 
-------------------------
- UpOrDown 1
- count = 0
-------------------------
-------------------------
- [ Generator ] 
-------------------------
- UpOrDown 1
- count = 0
-------------------------
-------------------------
- [ Generator ] 
-------------------------
- UpOrDown 0
- count = 0
-------------------------
-------------------------
- [ Generator ] 
-------------------------
- UpOrDown 1
- count = 0
-------------------------
-------------------------
- [ Driver ] 
-------------------------
- UpOrDown 0
- count = 13
-------------------------
-------------------------
- [ Driver ] 
-------------------------
- UpOrDown 1
- count = 12
-------------------------
-------------------------
- [ Driver ] 
-------------------------
- UpOrDown 1
- count = 15
-------------------------
-------------------------
- [ Driver ] 
-------------------------
- UpOrDown 0
- count = 0
-------------------------
-------------------------
- [ Driver ] 
-------------------------
- UpOrDown 0
- count = 13
-------------------------
-------------------------
- [ Driver ] 
-------------------------
- UpOrDown 0
- count = 10
-------------------------
-------------------------
- [ Driver ] 
-------------------------
- UpOrDown 1
- count = 9
-------------------------
-------------------------
- [ Driver ] 
-------------------------
- UpOrDown 0
- count = 10
-------------------------
-------------------------
- [ Driver ] 
-------------------------
- UpOrDown 1
- count = 9
-------------------------
-------------------------
- [ Driver ] 
-------------------------
- UpOrDown 1
- count = 12
-------------------------
-------------------------
- [ Driver ] 
-------------------------
- UpOrDown 0
- count = 13
-------------------------
-------------------------
- [ Driver ] 
-------------------------
- UpOrDown 0
- count = 10
-------------------------
-------------------------
- [ Driver ] 
-------------------------
- UpOrDown 0
- count = 7
-------------------------
-------------------------
- [ Driver ] 
-------------------------
- UpOrDown 0
- count = 4
-------------------------
-------------------------
- [ Driver ] 
-------------------------
- UpOrDown 0
- count = 1
-------------------------
-------------------------
- [ Driver ] 
-------------------------
- UpOrDown 0
- count = 14
-------------------------
-------------------------
- [ Driver ] 
-------------------------
- UpOrDown 0
- count = 11
-------------------------
-------------------------
- [ Driver ] 
-------------------------
- UpOrDown 0
- count = 8
-------------------------
-------------------------
- [ Driver ] 
-------------------------
- UpOrDown 1
- count = 7
-------------------------
-------------------------
- [ Driver ] 
-------------------------
- UpOrDown 1
- count = 10
-------------------------
-------------------------
- [ Driver ] 
-------------------------
- UpOrDown 1
- count = 13
-------------------------
-------------------------
- [ Driver ] 
-------------------------
- UpOrDown 0
- count = 14
-------------------------
-------------------------
- [ Driver ] 
-------------------------
- UpOrDown 1
- count = 13
-------------------------
-------------------------
- [ Driver ] 
-------------------------
- UpOrDown 1
- count = 0
-------------------------
-------------------------
- [ Driver ] 
-------------------------
- UpOrDown 1
- count = 3
-------------------------
-------------------------
- [ Driver ] 
-------------------------
- UpOrDown 0
- count = 4
-------------------------
-------------------------
- [ Driver ] 
-------------------------
- UpOrDown 0
- count = 1
-------------------------
-------------------------
- [ Driver ] 
-------------------------
- UpOrDown 1
- count = 0
-------------------------
-------------------------
- [ Driver ] 
-------------------------
- UpOrDown 0
- count = 1
-------------------------
-------------------------
- [ Driver ] 
-------------------------
- UpOrDown 1
- count = 0
-------------------------
-------------------------
- [ Driver ] 
-------------------------
- UpOrDown 1
- count = 3
-------------------------
-------------------------
- [ Driver ] 
-------------------------
- UpOrDown 0
- count = 4
-------------------------
-------------------------
- [ Driver ] 
-------------------------
- UpOrDown 0
- count = 1
-------------------------
-------------------------
- [ Driver ] 
-------------------------
- UpOrDown 0
- count = 14
-------------------------
-------------------------
- [ Driver ] 
-------------------------
- UpOrDown 0
- count = 11
-------------------------
-------------------------
- [ Driver ] 
-------------------------
- UpOrDown 1
- count = 10
-------------------------
-------------------------
- [ Driver ] 
-------------------------
- UpOrDown 1
- count = 13
-------------------------
-------------------------
- [ Driver ] 
-------------------------
- UpOrDown 1
- count = 0
-------------------------
-------------------------
- [ Driver ] 
-------------------------
- UpOrDown 0
- count = 1
-------------------------
-------------------------
- [ Driver ] 
-------------------------
- UpOrDown 1
- count = 0
-------------------------
Simulation complete via $finish(1) at time 1205 NS + 4
./env.sv:51     $finish;
ncsim> exit
TOOL:	irun	15.20-s038: Exiting on Apr 24, 2020 at 12:01:57 BST  (total: 00:00:02)
