###############################################################
 # This report contains names of design units along with parameter
 # values and self instances.
 # Some parameters may have more than one possible values for that
 # design unit, values will be unique for instances. It is indicated as
 # "Multiple Values".
 # In some cases instance count shown may be less than actual instance
 # count in the design due to optimizations. It is indicated as
 # "Optimized".
###############################################################


Design Unit Name: 'aep_top', (rtl/aep_top.v:1)
    Parameters (Total 0)
    Instances (Total: 0)
=============================================


Design Unit Name: 'aep_full', (rtl/aep_full.v:1)
    Parameters (Total 0)
    Instances (Total 1)(Optimized)
        aep_top.aep_full
=============================================


Design Unit Name: 'aep_parallel', (rtl/aep_parallel.v:1)
    Parameters (Total 3)
        state1 = 2'b1  (default: 2'b1)
        state2 = 2'b10  (default: 2'b10)
        state3 = 2'b11  (default: 2'b11)
    Instances (Total 1)(Optimized)
        aep_top.aep_parallel
=============================================


Design Unit Name: 'aep_bounds', (rtl/aep_bounds.v:1)
    Parameters (Total 0)
    Instances (Total 1)(Optimized)
        aep_top.aep_bounds
=============================================


Design Unit Name: 'aep_x', (rtl/aep_x.v:1)
    Parameters (Total 0)
    Instances (Total 1)(Optimized)
        aep_top.aep_x
=============================================


Design Unit Name: 'aep_multi', (rtl/aep_multi.v:1)
    Parameters (Total 0)
    Instances (Total 1)(Optimized)
        aep_top.aep_multi
=============================================


Design Unit Name: 'bufmod', (rtl/aep_top.v:52)
    Parameters (Total 0)
    Instances (Total 2)(Optimized)
        aep_top.aep_multi.bufA
        aep_top.aep_multi.bufB
=============================================


Design Unit Name: 'aep_float', (rtl/aep_float.v:1)
    Parameters (Total 0)
    Instances (Total 1)(Optimized)
        aep_top.aep_float
=============================================


