version: (200506)

available memory: 64M bytes
used memory: 73728 bytes [need 72K bytes if disable swap]

used block: 2 [memory(2) file(0)]
                 [ 8K(1) 64K(1) { total 72K bytes } ]
overhead: (9538) bytes for (2) blocks [Average: (4769) bytes/block]

write  => 0(times) 0K(bytes) [0K bytes to file]
read   => 1(times) 4K(bytes) [0K bytes compressed data from file]
access => 24374(times) 191M(bytes)
          [hit ratio: 99.9959%]

time: write(0) read(0)  unit: second

swap file directory: (/home/sv11108/HW7/xprop_lab/verdiLog)
used swap file number: (1)



swap file manager:
arrSize: (256)
idxCnt: (3)
closeHead: (1)
closeTail: (2)
openCnt: (2)
fid(2): fd(56) fileName(/home/sv11108/HW7/xprop_lab/verdiLog/_swap_0001#336204282#2413)
	size(0) lastModTime(0) curModTime(1662631228)
	mode(w+b)	hot(0) cool(1) pos(0)
fid(1): fd(1073741824) fileName(/home/sv11108/HW7/xprop_lab/vcst_rtdb/.internal/design/top.exe.daidir/kdb.elab++/work.lib++/top.v.tdc)
	size(1391) lastModTime(1662631226) curModTime(1662631226)
	mode(rb)	hot(2) cool(0) pos(0)
fid(0): fd(0) fileName(NULL)
	mode(NULL)	hot(0) cool(0) pos(0)
==================================================
mySelf(0x1aace780) pre(0x1aac80b0) next((nil))
version(200506)
date(Nov 22 2021 02:27:39)
