Command: vcs -full64 +vcs+lic+wait -sverilog -R -override_timescale=1ps/1ps +ntb_random_seed_automatic \
-debug_access+all ../rtl/verilog/fault_sm.v ../rtl/verilog/generic_fifo_ctrl.v ../rtl/verilog/generic_fifo.v \
../rtl/verilog/generic_mem_medium.v ../rtl/verilog/generic_mem_small.v ../rtl/verilog/meta_sync_single.v \
../rtl/verilog/meta_sync.v ../rtl/verilog/rx_data_fifo.v ../rtl/verilog/rx_dequeue.v \
../rtl/verilog/rx_enqueue.v ../rtl/verilog/rx_hold_fifo.v ../rtl/verilog/sync_clk_core.v \
../rtl/verilog/sync_clk_wb.v ../rtl/verilog/sync_clk_xgmii_tx.v ../rtl/verilog/tx_data_fifo.v \
../rtl/verilog/tx_dequeue.v ../rtl/verilog/tx_enqueue.v ../rtl/verilog/tx_hold_fifo.v \
../rtl/verilog/wishbone_if.v ../rtl/verilog/xge_mac.v +incdir+../rtl/include ../testbench/verilog/xge_mac_interface.sv \
../testbench/verilog/tb_xge_mac.sv ../testbench/verilog/packet.sv ../testbench/verilog/driver.sv \
../testbench/verilog/monitor.sv ../testbench/verilog/coverage.sv ../testbench/verilog/scoreboard.sv \
../testbench/verilog/env.sv ../testcases/zero_ipg_packet/testcase.sv -l logs/zero_ipg_packet.log \

                         Chronologic VCS (TM)
      Version R-2020.12-SP1-1_Full64 -- Thu Sep  8 23:20:52 2022

                    Copyright (c) 1991 - 2021 Synopsys, Inc.
   This software and the associated documentation are proprietary to Synopsys,
 Inc. This software may only be used in accordance with the terms and conditions
 of a written license agreement with Synopsys, Inc. All other use, reproduction,
            or distribution of this software is strictly prohibited.

Parsing design file '../rtl/verilog/fault_sm.v'
Parsing included file '../rtl/include/defines.v'.
Back to file '../rtl/verilog/fault_sm.v'.
Parsing design file '../rtl/verilog/generic_fifo_ctrl.v'
Parsing design file '../rtl/verilog/generic_fifo.v'
Parsing included file '../rtl/include/defines.v'.
Back to file '../rtl/verilog/generic_fifo.v'.
Parsing design file '../rtl/verilog/generic_mem_medium.v'
Parsing design file '../rtl/verilog/generic_mem_small.v'
Parsing design file '../rtl/verilog/meta_sync_single.v'
Parsing design file '../rtl/verilog/meta_sync.v'
Parsing design file '../rtl/verilog/rx_data_fifo.v'
Parsing included file '../rtl/include/defines.v'.
Back to file '../rtl/verilog/rx_data_fifo.v'.
Parsing design file '../rtl/verilog/rx_dequeue.v'
Parsing included file '../rtl/include/defines.v'.
Back to file '../rtl/verilog/rx_dequeue.v'.
Parsing design file '../rtl/verilog/rx_enqueue.v'
Parsing included file '../rtl/include/defines.v'.
Back to file '../rtl/verilog/rx_enqueue.v'.
Parsing included file '../rtl/include/CRC32_D64.v'.
Back to file '../rtl/verilog/rx_enqueue.v'.
Parsing included file '../rtl/include/CRC32_D8.v'.
Back to file '../rtl/verilog/rx_enqueue.v'.
Parsing included file '../rtl/include/utils.v'.
Back to file '../rtl/verilog/rx_enqueue.v'.
Parsing design file '../rtl/verilog/rx_hold_fifo.v'
Parsing included file '../rtl/include/defines.v'.
Back to file '../rtl/verilog/rx_hold_fifo.v'.
Parsing design file '../rtl/verilog/sync_clk_core.v'
Parsing included file '../rtl/include/defines.v'.
Back to file '../rtl/verilog/sync_clk_core.v'.
Parsing design file '../rtl/verilog/sync_clk_wb.v'
Parsing included file '../rtl/include/defines.v'.
Back to file '../rtl/verilog/sync_clk_wb.v'.
Parsing design file '../rtl/verilog/sync_clk_xgmii_tx.v'
Parsing included file '../rtl/include/defines.v'.
Back to file '../rtl/verilog/sync_clk_xgmii_tx.v'.
Parsing design file '../rtl/verilog/tx_data_fifo.v'
Parsing included file '../rtl/include/defines.v'.
Back to file '../rtl/verilog/tx_data_fifo.v'.
Parsing design file '../rtl/verilog/tx_dequeue.v'
Parsing included file '../rtl/include/defines.v'.
Back to file '../rtl/verilog/tx_dequeue.v'.
Parsing included file '../rtl/include/CRC32_D64.v'.
Back to file '../rtl/verilog/tx_dequeue.v'.
Parsing included file '../rtl/include/CRC32_D8.v'.
Back to file '../rtl/verilog/tx_dequeue.v'.
Parsing included file '../rtl/include/utils.v'.
Back to file '../rtl/verilog/tx_dequeue.v'.
Parsing design file '../rtl/verilog/tx_enqueue.v'
Parsing included file '../rtl/include/defines.v'.
Back to file '../rtl/verilog/tx_enqueue.v'.
Parsing included file '../rtl/include/CRC32_D64.v'.
Back to file '../rtl/verilog/tx_enqueue.v'.
Parsing included file '../rtl/include/CRC32_D8.v'.
Back to file '../rtl/verilog/tx_enqueue.v'.
Parsing included file '../rtl/include/utils.v'.
Back to file '../rtl/verilog/tx_enqueue.v'.
Parsing design file '../rtl/verilog/tx_hold_fifo.v'
Parsing included file '../rtl/include/defines.v'.
Back to file '../rtl/verilog/tx_hold_fifo.v'.
Parsing design file '../rtl/verilog/wishbone_if.v'
Parsing included file '../rtl/include/defines.v'.
Back to file '../rtl/verilog/wishbone_if.v'.
Parsing design file '../rtl/verilog/xge_mac.v'
Parsing included file '../rtl/include/defines.v'.
Back to file '../rtl/verilog/xge_mac.v'.
Parsing design file '../testbench/verilog/xge_mac_interface.sv'
Parsing design file '../testbench/verilog/tb_xge_mac.sv'
Parsing design file '../testbench/verilog/packet.sv'
Parsing design file '../testbench/verilog/driver.sv'
Parsing included file '../rtl/include/timescale.v'.
Back to file '../testbench/verilog/driver.sv'.
Parsing included file '../rtl/include/defines.v'.
Back to file '../testbench/verilog/driver.sv'.
Parsing design file '../testbench/verilog/monitor.sv'
Parsing design file '../testbench/verilog/coverage.sv'
Parsing design file '../testbench/verilog/scoreboard.sv'
Parsing design file '../testbench/verilog/env.sv'
Parsing design file '../testcases/zero_ipg_packet/testcase.sv'
Top Level Modules:
       testbench
TimeScale is 1 ps / 1 ps
Notice: Ports coerced to inout, use -notice for details
Starting vcs inline pass...

10 modules and 0 UDP read.
recompiling module testcase
	However, due to incremental compilation, only 1 module needs to be compiled. 
make[1]: Entering directory `/home/av00165/missing_eop/lab-project-10gEthernetMAC/scripts/csrc' \

rm -f _cuarc*.so _csrc*.so pre_vcsobj_*.so share_vcsobj_*.so
ld -shared  -Bsymbolic   -o .//../simv.daidir//_cuarc0.so objs/amcQw_d.o 
rm -f _cuarc0.so
if [ -x ../simv ]; then chmod a-x ../simv; fi
g++  -o ../simv      -rdynamic  -Wl,-rpath='$ORIGIN'/simv.daidir -Wl,-rpath=./simv.daidir \
-Wl,-rpath=/usr/synopsys/vcs/R-2020.12-SP1-1/linux64/lib -L/usr/synopsys/vcs/R-2020.12-SP1-1/linux64/lib \
-Wl,-rpath-link=./  /usr/lib64/libnuma.so.1     _21591_archive_1.so _prev_archive_1.so \
_cuarc0.so  SIM_l.o      rmapats_mop.o rmapats.o rmar.o rmar_nd.o  rmar_llvm_0_1.o \
rmar_llvm_0_0.o           -lvirsim -lerrorinf -lsnpsmalloc -lvfs    -lvcsnew -lsimprofile \
-luclinative /usr/synopsys/vcs/R-2020.12-SP1-1/linux64/lib/vcs_tls.o   -Wl,-whole-archive \
-lvcsucli    -Wl,-no-whole-archive          /usr/synopsys/vcs/R-2020.12-SP1-1/linux64/lib/vcs_save_restore_new.o \
-ldl  -lc -lm -lpthread -ldl 
../simv up to date
make[1]: Leaving directory `/home/av00165/missing_eop/lab-project-10gEthernetMAC/scripts/csrc' \

Command: /home/av00165/missing_eop/lab-project-10gEthernetMAC/scripts/./simv +vcs+lic+wait +ntb_random_seed_automatic -a logs/zero_ipg_packet.log
Chronologic VCS simulator copyright 1991-2020
Contains Synopsys proprietary information.
Compiler version R-2020.12-SP1-1_Full64; Runtime version R-2020.12-SP1-1_Full64;  Sep  8 23:20 2022
NOTE: automatic random seed used: 2153692032
VCD+ Writer R-2020.12-SP1-1_Full64 Copyright (c) 1991-2020 by Synopsys Inc.

Sending 4 packets...
Transmit packet with length:          67
ipg:           0
Transmit packet with length:          75
ipg:           0
Transmit packet with length:          85
ipg:           0
Transmit packet with length:          92


------------------------
Received Packet
------------------------
a77c7c6410fc566e
4318e19b0a53e353
cff63095574e9222
ipg:           0
9ee572cb50527bb1
934001c8bf11e1b7
f9351c415a7e4306
7c6bbec34f1588cb
7e46d24eac31ae82
d9ce7e07372c89fd
------------------------




------------------------
Received Packet
------------------------
240b3c2afa479171
25478f153c5578b8
c923de49ea4d4f32
f8a8e93672367152
b23b12553704efa7
467d2b3a97652f90
6623553abc0a32a2
0ca706369ef8c63f
615f75a6dec0acd6
9ef1168aa1f90afd
------------------------




------------------------
Received Packet
------------------------
d2f1a3a436dd0f1e
38c2022eeae84f8e
99cb7040933468fe
89474c10b89d0129
a6eaec6199940d83
d4739aad2ef8cdb3
4d45661c49c89c53
2027f86444478990
9dd6b79f2d3d57a7
264e3c49f3518bd9
e7505342168ef942
------------------------




------------------------
Received Packet
------------------------
853f1dd6c2fc6b72
e2266154ccf27d1f
e3e2e09906f402d4
5c09ace7cd75577b
9e0f66149c7f8bcb
838fa2aa0ad7d999
cf884de0ce894417
d792b996e3971326
878efa0c79f2fe4c
124b8b67eef8786f
680ddb694cde5e79
acada04b5b44179d
------------------------


----------------------------------------------------------------------------
---------------------IS BUG DETECTED ? --------------------------------------
NO: Packet length transmitted matched packet length received.
---------------------------NO-----------------------------------------------
----------------------------------------------------------------------------
----------------------------------------------------------------------------
---------------------IS BUG DETECTED ? --------------------------------------
NO: Packet length transmitted matched packet length received.
---------------------------NO-----------------------------------------------
----------------------------------------------------------------------------
----------------------------------------------------------------------------
---------------------IS BUG DETECTED ? --------------------------------------
NO: Packet length transmitted matched packet length received.
---------------------------NO-----------------------------------------------
----------------------------------------------------------------------------
----------------------------------------------------------------------------
---------------------IS BUG DETECTED ? --------------------------------------
NO: Packet length transmitted matched packet length received.
---------------------------NO-----------------------------------------------
----------------------------------------------------------------------------
----------------------------------------------
SCOREBOARD RESULT
----------------------------------------------
Number of packets transmitted: 4
Number of packets received   : 4
Number of packets checked    : 4
All packets recieved sucessfully.
----------------------------------------------

$finish called from file "../testbench/verilog/env.sv", line 50.

TESTCASE: ----------------- ZERO IPG PACKET -----------------------

TESTCASE: ----------------- End Of Simulation -----------------
TESTCASE: Number of mismatched packets :  0
TESTCASE: ---------------------- NO BUG: TESTPASS -----------------------

$finish at simulation time              6304000
           V C S   S i m u l a t i o n   R e p o r t 
Time: 6304000 ps
CPU Time:      0.380 seconds;       Data structure size:   0.1Mb
Thu Sep  8 23:20:54 2022
CPU time: .803 seconds to compile + .369 seconds to elab + .198 seconds to link + .411 seconds in simulation
